2022-03-16 14:44:20.167 Listener        CRITICAL Listener (for MainProcess) 4644 CLOCK POWERED ON
2022-03-16 14:44:20.171 Clock Time      ERROR    Listener (for MainProcess) 4644 Failed to access time from csv.
2022-03-16 14:44:20.171 Clock Time      ERROR    Listener (for MainProcess) 4644 No columns to parse from file
2022-03-16 14:46:16.250 Listener        CRITICAL Listener (for MainProcess) 4644 Program being destroyed
2022-03-16 15:47:11.291 Listener        CRITICAL Listener (for MainProcess) 16148 CLOCK POWERED ON
2022-03-16 15:48:15.326 Listener        CRITICAL Listener (for MainProcess) 16148 Program being destroyed
2022-03-16 15:48:17.010 Listener        CRITICAL Listener (for MainProcess) 23628 CLOCK POWERED ON
2022-03-16 15:49:27.722 Listener        CRITICAL Listener (for MainProcess) 23628 Program being destroyed
2022-03-16 15:53:47.351 Listener        CRITICAL Listener (for MainProcess) 15396 CLOCK POWERED ON
2022-03-16 15:54:27.383 Listener        CRITICAL Listener (for MainProcess) 15396 Program being destroyed
2022-03-16 16:10:41.464 Listener        CRITICAL Listener (for MainProcess) 4632 CLOCK POWERED ON
2022-03-16 16:20:30.226 Listener        CRITICAL Listener (for MainProcess) 4632 Program being destroyed
2022-03-16 16:21:08.218 Listener        CRITICAL Listener (for MainProcess) 26280 CLOCK POWERED ON
2022-03-16 16:22:29.348 Listener        ERROR    Listener (for MainProcess) 26280 Tuple or struct_time argument required
2022-03-16 16:23:01.338 Listener        ERROR    Listener (for MainProcess) 26280 Tuple or struct_time argument required
2022-03-16 16:23:14.997 Listener        CRITICAL Listener (for MainProcess) 26280 Program being destroyed
2022-03-16 16:32:06.973 Listener        CRITICAL Listener (for MainProcess) 25748 CLOCK POWERED ON
2022-03-16 16:34:20.819 Listener        CRITICAL Listener (for MainProcess) 25748 Program being destroyed
2022-03-16 16:34:45.325 Listener        CRITICAL Listener (for MainProcess) 2648 CLOCK POWERED ON
2022-03-16 16:37:40.876 Listener        CRITICAL Listener (for MainProcess) 2648 Program being destroyed
2022-03-16 16:42:32.880 Listener        CRITICAL Listener (for MainProcess) 21168 CLOCK POWERED ON
2022-03-16 16:46:40.825 Listener        CRITICAL Listener (for MainProcess) 21168 Program being destroyed
2022-03-16 16:50:42.826 Listener        CRITICAL Listener (for MainProcess) 27728 CLOCK POWERED ON
2022-03-16 16:51:16.281 Listener        CRITICAL Listener (for MainProcess) 27728 Program being destroyed
2022-03-16 16:51:58.607 Listener        CRITICAL Listener (for MainProcess) 5964 CLOCK POWERED ON
2022-03-16 16:52:01.140 Listener        CRITICAL Listener (for MainProcess) 5964 Program being destroyed
2022-03-16 16:52:44.865 Listener        CRITICAL Listener (for MainProcess) 15956 CLOCK POWERED ON
2022-03-16 16:56:28.145 Listener        CRITICAL Listener (for MainProcess) 15956 Program being destroyed
2022-03-16 16:56:51.437 Listener        CRITICAL Listener (for MainProcess) 9108 CLOCK POWERED ON
2022-03-16 17:05:35.537 Listener        CRITICAL Listener (for MainProcess) 9108 Program being destroyed
2022-03-16 17:22:23.179 Listener        CRITICAL Listener (for MainProcess) 31492 CLOCK POWERED ON
2022-03-16 17:23:07.945 Listener        CRITICAL Listener (for MainProcess) 31492 Program being destroyed
2022-03-16 17:27:16.787 Listener        CRITICAL Listener (for MainProcess) 480 CLOCK POWERED ON
2022-03-16 17:28:08.981 Listener        CRITICAL Listener (for MainProcess) 480 Program being destroyed
2022-03-16 17:29:36.353 Listener        CRITICAL Listener (for MainProcess) 6608 CLOCK POWERED ON
2022-03-16 17:29:42.627 Listener        CRITICAL Listener (for MainProcess) 6608 Program being destroyed
2022-03-16 17:29:57.084 Listener        CRITICAL Listener (for MainProcess) 15128 CLOCK POWERED ON
2022-03-16 17:34:27.772 Listener        CRITICAL Listener (for MainProcess) 15128 Program being destroyed
2022-03-16 17:35:43.887 Listener        CRITICAL Listener (for MainProcess) 27196 CLOCK POWERED ON
2022-03-16 17:36:35.594 Listener        CRITICAL Listener (for MainProcess) 27196 Program being destroyed
2022-03-16 17:37:05.073 Listener        CRITICAL Listener (for MainProcess) 14704 CLOCK POWERED ON
2022-03-16 17:38:45.839 Listener        CRITICAL Listener (for MainProcess) 14704 Program being destroyed
