2022-03-16 14:45:00.329;DEBUG   ;Pulse    ;Listener (for MainProcess);4644;1647402300.0049284;1647402300.0;1647402300.0;0.0;time.struct_time(tm_year=2022, tm_mon=3, tm_mday=16, tm_hour=14, tm_min=44, tm_sec=19, tm_wday=2, tm_yday=75, tm_isdst=1);False;True;time.struct_time(tm_year=2022, tm_mon=3, tm_mday=16, tm_hour=14, tm_min=44, tm_sec=19, tm_wday=2, tm_yday=75, tm_isdst=1)
2022-03-16 14:46:00.549;DEBUG   ;Pulse    ;Listener (for MainProcess);4644;1647402360.0087368;1647402360.0;1647402360.0;0.0;time.struct_time(tm_year=2022, tm_mon=3, tm_mday=16, tm_hour=14, tm_min=44, tm_sec=19, tm_wday=2, tm_yday=75, tm_isdst=1);False;True;time.struct_time(tm_year=2022, tm_mon=3, tm_mday=16, tm_hour=14, tm_min=44, tm_sec=19, tm_wday=2, tm_yday=75, tm_isdst=1)
2022-03-16 15:48:00.333;DEBUG   ;Pulse    ;Listener (for MainProcess);16148;1647406080.0080497;1647402420.0;1647402420.0;0.0;Wed Mar 16 15:47:10 2022;False;True;Wed Mar 16 15:47:10 2022
2022-03-16 15:48:01.876;DEBUG   ;Pulse    ;Listener (for MainProcess);16148;1647406080.0080497;1647402480.0;1647402480.0;0.0;Wed Mar 16 15:47:10 2022;False;True;Wed Mar 16 15:47:10 2022
2022-03-16 15:48:03.202;DEBUG   ;Pulse    ;Listener (for MainProcess);16148;1647406080.0080497;1647402540.0;1647402540.0;0.0;Wed Mar 16 15:47:10 2022;False;True;Wed Mar 16 15:47:10 2022
2022-03-16 15:48:04.755;DEBUG   ;Pulse    ;Listener (for MainProcess);16148;1647406080.0080497;1647402600.0;1647402600.0;0.0;Wed Mar 16 15:47:10 2022;False;True;Wed Mar 16 15:47:10 2022
2022-03-16 15:48:06.080;DEBUG   ;Pulse    ;Listener (for MainProcess);16148;1647406080.0080497;1647402660.0;1647402660.0;0.0;Wed Mar 16 15:47:10 2022;False;True;Wed Mar 16 15:47:10 2022
2022-03-16 15:48:07.635;DEBUG   ;Pulse    ;Listener (for MainProcess);16148;1647406080.0080497;1647402720.0;1647402720.0;0.0;Wed Mar 16 15:47:10 2022;False;True;Wed Mar 16 15:47:10 2022
2022-03-16 15:48:08.975;DEBUG   ;Pulse    ;Listener (for MainProcess);16148;1647406080.0080497;1647402780.0;1647402780.0;0.0;Wed Mar 16 15:47:10 2022;False;True;Wed Mar 16 15:47:10 2022
2022-03-16 15:48:10.518;DEBUG   ;Pulse    ;Listener (for MainProcess);16148;1647406080.0080497;1647402840.0;1647402840.0;0.0;Wed Mar 16 15:47:10 2022;False;True;Wed Mar 16 15:47:10 2022
2022-03-16 15:48:11.856;DEBUG   ;Pulse    ;Listener (for MainProcess);16148;1647406080.0080497;1647402900.0;1647402900.0;0.0;Wed Mar 16 15:47:10 2022;False;True;Wed Mar 16 15:47:10 2022
2022-03-16 15:48:13.410;DEBUG   ;Pulse    ;Listener (for MainProcess);16148;1647406080.0080497;1647402960.0;1647402960.0;0.0;Wed Mar 16 15:47:10 2022;False;True;Wed Mar 16 15:47:10 2022
2022-03-16 15:48:14.736;DEBUG   ;Pulse    ;Listener (for MainProcess);16148;1647406080.0080497;1647403020.0;1647403020.0;0.0;Wed Mar 16 15:47:10 2022;False;True;Wed Mar 16 15:47:10 2022
2022-03-16 15:49:00.325;DEBUG   ;Pulse    ;Listener (for MainProcess);23628;1647406140.0003402;1647403080.0;1647403080.0;0.0;Wed Mar 16 15:48:16 2022;False;True;Wed Mar 16 15:48:16 2022
2022-03-16 15:49:01.875;DEBUG   ;Pulse    ;Listener (for MainProcess);23628;1647406140.0003402;1647403140.0;1647403140.0;0.0;Wed Mar 16 15:48:16 2022;False;True;Wed Mar 16 15:48:16 2022
2022-03-16 15:49:03.202;DEBUG   ;Pulse    ;Listener (for MainProcess);23628;1647406140.0003402;1647403200.0;1647403200.0;0.0;Wed Mar 16 15:48:16 2022;False;True;Wed Mar 16 15:48:16 2022
2022-03-16 15:49:04.745;DEBUG   ;Pulse    ;Listener (for MainProcess);23628;1647406140.0003402;1647403260.0;1647403260.0;0.0;Wed Mar 16 15:48:16 2022;False;True;Wed Mar 16 15:48:16 2022
2022-03-16 15:49:06.076;DEBUG   ;Pulse    ;Listener (for MainProcess);23628;1647406140.0003402;1647403320.0;1647403320.0;0.0;Wed Mar 16 15:48:16 2022;False;True;Wed Mar 16 15:48:16 2022
2022-03-16 15:49:07.622;DEBUG   ;Pulse    ;Listener (for MainProcess);23628;1647406140.0003402;1647403380.0;1647403380.0;0.0;Wed Mar 16 15:48:16 2022;False;True;Wed Mar 16 15:48:16 2022
2022-03-16 15:49:08.955;DEBUG   ;Pulse    ;Listener (for MainProcess);23628;1647406140.0003402;1647403440.0;1647403440.0;0.0;Wed Mar 16 15:48:16 2022;False;True;Wed Mar 16 15:48:16 2022
2022-03-16 15:49:10.505;DEBUG   ;Pulse    ;Listener (for MainProcess);23628;1647406140.0003402;1647403500.0;1647403500.0;0.0;Wed Mar 16 15:48:16 2022;False;True;Wed Mar 16 15:48:16 2022
2022-03-16 15:49:11.838;DEBUG   ;Pulse    ;Listener (for MainProcess);23628;1647406140.0003402;1647403560.0;1647403560.0;0.0;Wed Mar 16 15:48:16 2022;False;True;Wed Mar 16 15:48:16 2022
2022-03-16 15:49:13.387;DEBUG   ;Pulse    ;Listener (for MainProcess);23628;1647406140.0003402;1647403620.0;1647403620.0;0.0;Wed Mar 16 15:48:16 2022;False;True;Wed Mar 16 15:48:16 2022
2022-03-16 15:49:14.720;DEBUG   ;Pulse    ;Listener (for MainProcess);23628;1647406140.0003402;1647403680.0;1647403680.0;0.0;Wed Mar 16 15:48:16 2022;False;True;Wed Mar 16 15:48:16 2022
2022-03-16 15:49:16.269;DEBUG   ;Pulse    ;Listener (for MainProcess);23628;1647406140.0003402;1647403740.0;1647403740.0;0.0;Wed Mar 16 15:48:16 2022;False;True;Wed Mar 16 15:48:16 2022
2022-03-16 15:49:17.603;DEBUG   ;Pulse    ;Listener (for MainProcess);23628;1647406140.0003402;1647403800.0;1647403800.0;0.0;Wed Mar 16 15:48:16 2022;False;True;Wed Mar 16 15:48:16 2022
2022-03-16 15:49:19.153;DEBUG   ;Pulse    ;Listener (for MainProcess);23628;1647406140.0003402;1647403860.0;1647403860.0;0.0;Wed Mar 16 15:48:16 2022;False;True;Wed Mar 16 15:48:16 2022
2022-03-16 15:49:20.485;DEBUG   ;Pulse    ;Listener (for MainProcess);23628;1647406140.0003402;1647403920.0;1647403920.0;0.0;Wed Mar 16 15:48:16 2022;False;True;Wed Mar 16 15:48:16 2022
2022-03-16 15:49:22.035;DEBUG   ;Pulse    ;Listener (for MainProcess);23628;1647406140.0003402;1647403980.0;1647403980.0;0.0;Wed Mar 16 15:48:16 2022;False;True;Wed Mar 16 15:48:16 2022
2022-03-16 15:49:23.369;DEBUG   ;Pulse    ;Listener (for MainProcess);23628;1647406140.0003402;1647404040.0;1647404040.0;0.0;Wed Mar 16 15:48:16 2022;False;True;Wed Mar 16 15:48:16 2022
2022-03-16 15:49:24.918;DEBUG   ;Pulse    ;Listener (for MainProcess);23628;1647406140.0003402;1647404100.0;1647404100.0;0.0;Wed Mar 16 15:48:16 2022;False;True;Wed Mar 16 15:48:16 2022
2022-03-16 15:49:26.251;DEBUG   ;Pulse    ;Listener (for MainProcess);23628;1647406140.0003402;1647404160.0;1647404160.0;0.0;Wed Mar 16 15:48:16 2022;False;True;Wed Mar 16 15:48:16 2022
2022-03-16 15:54:00.338;DEBUG   ;Pulse    ;Listener (for MainProcess);15396;1647406440.0151207;1647404220.0;1647404220.0;0.0;Wed Mar 16 15:53:46 2022;False;True;Wed Mar 16 15:53:46 2022
2022-03-16 15:54:01.878;DEBUG   ;Pulse    ;Listener (for MainProcess);15396;1647406440.0151207;1647404280.0;1647404280.0;0.0;Wed Mar 16 15:53:46 2022;False;True;Wed Mar 16 15:53:46 2022
2022-03-16 15:54:03.217;DEBUG   ;Pulse    ;Listener (for MainProcess);15396;1647406440.0151207;1647404340.0;1647404340.0;0.0;Wed Mar 16 15:53:46 2022;False;True;Wed Mar 16 15:53:46 2022
2022-03-16 15:54:04.759;DEBUG   ;Pulse    ;Listener (for MainProcess);15396;1647406440.0151207;1647404400.0;1647404400.0;0.0;Wed Mar 16 15:53:46 2022;False;True;Wed Mar 16 15:53:46 2022
2022-03-16 15:54:06.098;DEBUG   ;Pulse    ;Listener (for MainProcess);15396;1647406440.0151207;1647404460.0;1647404460.0;0.0;Wed Mar 16 15:53:46 2022;False;True;Wed Mar 16 15:53:46 2022
2022-03-16 15:54:07.652;DEBUG   ;Pulse    ;Listener (for MainProcess);15396;1647406440.0151207;1647404520.0;1647404520.0;0.0;Wed Mar 16 15:53:46 2022;False;True;Wed Mar 16 15:53:46 2022
2022-03-16 15:54:08.977;DEBUG   ;Pulse    ;Listener (for MainProcess);15396;1647406440.0151207;1647404580.0;1647404580.0;0.0;Wed Mar 16 15:53:46 2022;False;True;Wed Mar 16 15:53:46 2022
2022-03-16 15:54:10.520;DEBUG   ;Pulse    ;Listener (for MainProcess);15396;1647406440.0151207;1647404640.0;1647404640.0;0.0;Wed Mar 16 15:53:46 2022;False;True;Wed Mar 16 15:53:46 2022
2022-03-16 15:54:11.858;DEBUG   ;Pulse    ;Listener (for MainProcess);15396;1647406440.0151207;1647404700.0;1647404700.0;0.0;Wed Mar 16 15:53:46 2022;False;True;Wed Mar 16 15:53:46 2022
2022-03-16 15:54:13.404;DEBUG   ;Pulse    ;Listener (for MainProcess);15396;1647406440.0151207;1647404760.0;1647404760.0;0.0;Wed Mar 16 15:53:46 2022;False;True;Wed Mar 16 15:53:46 2022
2022-03-16 15:54:14.730;DEBUG   ;Pulse    ;Listener (for MainProcess);15396;1647406440.0151207;1647404820.0;1647404820.0;0.0;Wed Mar 16 15:53:46 2022;False;True;Wed Mar 16 15:53:46 2022
2022-03-16 15:54:16.274;DEBUG   ;Pulse    ;Listener (for MainProcess);15396;1647406440.0151207;1647404880.0;1647404880.0;0.0;Wed Mar 16 15:53:46 2022;False;True;Wed Mar 16 15:53:46 2022
2022-03-16 15:54:17.599;DEBUG   ;Pulse    ;Listener (for MainProcess);15396;1647406440.0151207;1647404940.0;1647404940.0;0.0;Wed Mar 16 15:53:46 2022;False;True;Wed Mar 16 15:53:46 2022
2022-03-16 15:54:19.140;DEBUG   ;Pulse    ;Listener (for MainProcess);15396;1647406440.0151207;1647405000.0;1647405000.0;0.0;Wed Mar 16 15:53:46 2022;False;True;Wed Mar 16 15:53:46 2022
2022-03-16 15:54:20.476;DEBUG   ;Pulse    ;Listener (for MainProcess);15396;1647406440.0151207;1647405060.0;1647405060.0;0.0;Wed Mar 16 15:53:46 2022;False;True;Wed Mar 16 15:53:46 2022
2022-03-16 15:54:22.017;DEBUG   ;Pulse    ;Listener (for MainProcess);15396;1647406440.0151207;1647405120.0;1647405120.0;0.0;Wed Mar 16 15:53:46 2022;False;True;Wed Mar 16 15:53:46 2022
2022-03-16 15:54:23.342;DEBUG   ;Pulse    ;Listener (for MainProcess);15396;1647406440.0151207;1647405180.0;1647405180.0;0.0;Wed Mar 16 15:53:46 2022;False;True;Wed Mar 16 15:53:46 2022
2022-03-16 15:54:24.883;DEBUG   ;Pulse    ;Listener (for MainProcess);15396;1647406440.0151207;1647405240.0;1647405240.0;0.0;Wed Mar 16 15:53:46 2022;False;True;Wed Mar 16 15:53:46 2022
2022-03-16 15:54:26.209;DEBUG   ;Pulse    ;Listener (for MainProcess);15396;1647406440.0151207;1647405300.0;1647405300.0;0.0;Wed Mar 16 15:53:46 2022;False;True;Wed Mar 16 15:53:46 2022
2022-03-16 16:11:00.330;DEBUG   ;Pulse    ;Listener (for MainProcess);4632;1647407460.0041523;1647405360.0;1647405360.0;0.0;Wed Mar 16 16:10:41 2022;False;True;Wed Mar 16 16:10:41 2022
2022-03-16 16:11:01.658;DEBUG   ;Pulse    ;Listener (for MainProcess);4632;1647407460.0041523;1647405420.0;1647405420.0;0.0;Wed Mar 16 16:10:41 2022;False;True;Wed Mar 16 16:10:41 2022
2022-03-16 16:11:02.985;DEBUG   ;Pulse    ;Listener (for MainProcess);4632;1647407460.0041523;1647405480.0;1647405480.0;0.0;Wed Mar 16 16:10:41 2022;False;True;Wed Mar 16 16:10:41 2022
2022-03-16 16:11:04.325;DEBUG   ;Pulse    ;Listener (for MainProcess);4632;1647407460.0041523;1647405540.0;1647405540.0;0.0;Wed Mar 16 16:10:41 2022;False;True;Wed Mar 16 16:10:41 2022
2022-03-16 16:11:05.666;DEBUG   ;Pulse    ;Listener (for MainProcess);4632;1647407460.0041523;1647405600.0;1647405600.0;0.0;Wed Mar 16 16:10:41 2022;False;True;Wed Mar 16 16:10:41 2022
2022-03-16 16:11:07.005;DEBUG   ;Pulse    ;Listener (for MainProcess);4632;1647407460.0041523;1647405660.0;1647405660.0;0.0;Wed Mar 16 16:10:41 2022;False;True;Wed Mar 16 16:10:41 2022
2022-03-16 16:11:08.333;DEBUG   ;Pulse    ;Listener (for MainProcess);4632;1647407460.0041523;1647405720.0;1647405720.0;0.0;Wed Mar 16 16:10:41 2022;False;True;Wed Mar 16 16:10:41 2022
2022-03-16 16:11:09.658;DEBUG   ;Pulse    ;Listener (for MainProcess);4632;1647407460.0041523;1647405780.0;1647405780.0;0.0;Wed Mar 16 16:10:41 2022;False;True;Wed Mar 16 16:10:41 2022
2022-03-16 16:11:10.998;DEBUG   ;Pulse    ;Listener (for MainProcess);4632;1647407460.0041523;1647405840.0;1647405840.0;0.0;Wed Mar 16 16:10:41 2022;False;True;Wed Mar 16 16:10:41 2022
2022-03-16 16:11:12.337;DEBUG   ;Pulse    ;Listener (for MainProcess);4632;1647407460.0041523;1647405900.0;1647405900.0;0.0;Wed Mar 16 16:10:41 2022;False;True;Wed Mar 16 16:10:41 2022
2022-03-16 16:11:13.677;DEBUG   ;Pulse    ;Listener (for MainProcess);4632;1647407460.0041523;1647405960.0;1647405960.0;0.0;Wed Mar 16 16:10:41 2022;False;True;Wed Mar 16 16:10:41 2022
2022-03-16 16:11:15.016;DEBUG   ;Pulse    ;Listener (for MainProcess);4632;1647407460.0041523;1647406020.0;1647406020.0;0.0;Wed Mar 16 16:10:41 2022;False;True;Wed Mar 16 16:10:41 2022
2022-03-16 16:11:16.342;DEBUG   ;Pulse    ;Listener (for MainProcess);4632;1647407460.0041523;1647406080.0;1647406080.0;0.0;Wed Mar 16 16:10:41 2022;False;True;Wed Mar 16 16:10:41 2022
2022-03-16 16:11:17.669;DEBUG   ;Pulse    ;Listener (for MainProcess);4632;1647407460.0041523;1647406140.0;1647406140.0;0.0;Wed Mar 16 16:10:41 2022;False;True;Wed Mar 16 16:10:41 2022
2022-03-16 16:11:18.998;DEBUG   ;Pulse    ;Listener (for MainProcess);4632;1647407460.0041523;1647406200.0;1647406200.0;0.0;Wed Mar 16 16:10:41 2022;False;True;Wed Mar 16 16:10:41 2022
2022-03-16 16:11:20.336;DEBUG   ;Pulse    ;Listener (for MainProcess);4632;1647407460.0041523;1647406260.0;1647406260.0;0.0;Wed Mar 16 16:10:41 2022;False;True;Wed Mar 16 16:10:41 2022
2022-03-16 16:11:21.660;DEBUG   ;Pulse    ;Listener (for MainProcess);4632;1647407460.0041523;1647406320.0;1647406320.0;0.0;Wed Mar 16 16:10:41 2022;False;True;Wed Mar 16 16:10:41 2022
2022-03-16 16:11:23.000;DEBUG   ;Pulse    ;Listener (for MainProcess);4632;1647407460.0041523;1647406380.0;1647406380.0;0.0;Wed Mar 16 16:10:41 2022;False;True;Wed Mar 16 16:10:41 2022
2022-03-16 16:11:24.327;DEBUG   ;Pulse    ;Listener (for MainProcess);4632;1647407460.0041523;1647406440.0;1647406440.0;0.0;Wed Mar 16 16:10:41 2022;False;True;Wed Mar 16 16:10:41 2022
2022-03-16 16:11:25.658;DEBUG   ;Pulse    ;Listener (for MainProcess);4632;1647407460.0041523;1647406500.0;1647406500.0;0.0;Wed Mar 16 16:10:41 2022;False;True;Wed Mar 16 16:10:41 2022
2022-03-16 16:11:26.984;DEBUG   ;Pulse    ;Listener (for MainProcess);4632;1647407460.0041523;1647406560.0;1647406560.0;0.0;Wed Mar 16 16:10:41 2022;False;True;Wed Mar 16 16:10:41 2022
2022-03-16 16:11:28.312;DEBUG   ;Pulse    ;Listener (for MainProcess);4632;1647407460.0041523;1647406620.0;1647406620.0;0.0;Wed Mar 16 16:10:41 2022;False;True;Wed Mar 16 16:10:41 2022
2022-03-16 16:11:29.650;DEBUG   ;Pulse    ;Listener (for MainProcess);4632;1647407460.0041523;1647406680.0;1647406680.0;0.0;Wed Mar 16 16:10:41 2022;False;True;Wed Mar 16 16:10:41 2022
2022-03-16 16:11:30.978;DEBUG   ;Pulse    ;Listener (for MainProcess);4632;1647407460.0041523;1647406740.0;1647406740.0;0.0;Wed Mar 16 16:10:41 2022;False;True;Wed Mar 16 16:10:41 2022
2022-03-16 16:11:32.301;DEBUG   ;Pulse    ;Listener (for MainProcess);4632;1647407460.0041523;1647406800.0;1647406800.0;0.0;Wed Mar 16 16:10:41 2022;False;True;Wed Mar 16 16:10:41 2022
2022-03-16 16:22:00.334;DEBUG   ;Pulse    ;Listener (for MainProcess);26280;1647408120.010452;1647406860.0;1647406860.0;0.0;Wed Mar 16 16:21:05 2022;False;True;Wed Mar 16 16:21:05 2022
2022-03-16 16:22:01.663;DEBUG   ;Pulse    ;Listener (for MainProcess);26280;1647408120.010452;1647406920.0;1647406920.0;0.0;Wed Mar 16 16:21:05 2022;False;True;Wed Mar 16 16:21:05 2022
2022-03-16 16:22:03.003;DEBUG   ;Pulse    ;Listener (for MainProcess);26280;1647408120.010452;1647406980.0;1647406980.0;0.0;Wed Mar 16 16:21:05 2022;False;True;Wed Mar 16 16:21:05 2022
2022-03-16 16:22:04.329;DEBUG   ;Pulse    ;Listener (for MainProcess);26280;1647408120.010452;1647407040.0;1647407040.0;0.0;Wed Mar 16 16:21:05 2022;False;True;Wed Mar 16 16:21:05 2022
2022-03-16 16:22:05.666;DEBUG   ;Pulse    ;Listener (for MainProcess);26280;1647408120.010452;1647407100.0;1647407100.0;0.0;Wed Mar 16 16:21:05 2022;False;True;Wed Mar 16 16:21:05 2022
2022-03-16 16:22:07.004;DEBUG   ;Pulse    ;Listener (for MainProcess);26280;1647408120.010452;1647407160.0;1647407160.0;0.0;Wed Mar 16 16:21:05 2022;False;True;Wed Mar 16 16:21:05 2022
2022-03-16 16:22:08.332;DEBUG   ;Pulse    ;Listener (for MainProcess);26280;1647408120.010452;1647407220.0;1647407220.0;0.0;Wed Mar 16 16:21:05 2022;False;True;Wed Mar 16 16:21:05 2022
2022-03-16 16:22:09.672;DEBUG   ;Pulse    ;Listener (for MainProcess);26280;1647408120.010452;1647407280.0;1647407280.0;0.0;Wed Mar 16 16:21:05 2022;False;True;Wed Mar 16 16:21:05 2022
2022-03-16 16:22:11.009;DEBUG   ;Pulse    ;Listener (for MainProcess);26280;1647408120.010452;1647407340.0;1647407340.0;0.0;Wed Mar 16 16:21:05 2022;False;True;Wed Mar 16 16:21:05 2022
2022-03-16 16:22:12.334;DEBUG   ;Pulse    ;Listener (for MainProcess);26280;1647408120.010452;1647407400.0;1647407400.0;0.0;Wed Mar 16 16:21:05 2022;False;True;Wed Mar 16 16:21:05 2022
2022-03-16 16:22:13.661;DEBUG   ;Pulse    ;Listener (for MainProcess);26280;1647408120.010452;1647407460.0;1647407460.0;0.0;Wed Mar 16 16:21:05 2022;False;True;Wed Mar 16 16:21:05 2022
2022-03-16 16:22:15.000;DEBUG   ;Pulse    ;Listener (for MainProcess);26280;1647408120.010452;1647407520.0;1647407520.0;0.0;Wed Mar 16 16:21:05 2022;False;True;Wed Mar 16 16:21:05 2022
2022-03-16 16:22:16.325;DEBUG   ;Pulse    ;Listener (for MainProcess);26280;1647408120.010452;1647407580.0;1647407580.0;0.0;Wed Mar 16 16:21:05 2022;False;True;Wed Mar 16 16:21:05 2022
2022-03-16 16:22:17.665;DEBUG   ;Pulse    ;Listener (for MainProcess);26280;1647408120.010452;1647407640.0;1647407640.0;0.0;Wed Mar 16 16:21:05 2022;False;True;Wed Mar 16 16:21:05 2022
2022-03-16 16:22:19.003;DEBUG   ;Pulse    ;Listener (for MainProcess);26280;1647408120.010452;1647407700.0;1647407700.0;0.0;Wed Mar 16 16:21:05 2022;False;True;Wed Mar 16 16:21:05 2022
2022-03-16 16:22:20.328;DEBUG   ;Pulse    ;Listener (for MainProcess);26280;1647408120.010452;1647407760.0;1647407760.0;0.0;Wed Mar 16 16:21:05 2022;False;True;Wed Mar 16 16:21:05 2022
2022-03-16 16:22:21.654;DEBUG   ;Pulse    ;Listener (for MainProcess);26280;1647408120.010452;1647407820.0;1647407820.0;0.0;Wed Mar 16 16:21:05 2022;False;True;Wed Mar 16 16:21:05 2022
2022-03-16 16:22:22.993;DEBUG   ;Pulse    ;Listener (for MainProcess);26280;1647408120.010452;1647407880.0;1647407880.0;0.0;Wed Mar 16 16:21:05 2022;False;True;Wed Mar 16 16:21:05 2022
2022-03-16 16:22:24.332;DEBUG   ;Pulse    ;Listener (for MainProcess);26280;1647408120.010452;1647407940.0;1647407940.0;0.0;Wed Mar 16 16:21:05 2022;False;True;Wed Mar 16 16:21:05 2022
2022-03-16 16:22:25.670;DEBUG   ;Pulse    ;Listener (for MainProcess);26280;1647408120.010452;1647408000.0;1647408000.0;0.0;Wed Mar 16 16:21:05 2022;False;True;Wed Mar 16 16:21:05 2022
2022-03-16 16:22:27.008;DEBUG   ;Pulse    ;Listener (for MainProcess);26280;1647408120.010452;1647408060.0;1647408060.0;0.0;Wed Mar 16 16:21:05 2022;False;True;Wed Mar 16 16:21:05 2022
2022-03-16 16:22:28.347;DEBUG   ;Pulse    ;Listener (for MainProcess);26280;1647408120.010452;1647408120.0;1647408120.0;0.0;Wed Mar 16 16:21:05 2022;False;True;Wed Mar 16 16:21:05 2022
2022-03-16 16:23:00.334;DEBUG   ;Pulse    ;Listener (for MainProcess);26280;1647408180.0086222;1647408180.0;1647407280.0;0.0;Wed Mar 16 16:21:05 2022;False;True;Wed Mar 16 16:21:05 2022
2022-03-16 16:43:00.329;DEBUG   ;Pulse    ;Listener (for MainProcess);21168;1647409380.0042806;1647408240.0;1647407340.0;[-20, -35];['Wed Mar 16 16:24:00 2022', 'Wed Mar 16 16:09:00 2022'];False; Pulsed = True;Wed Mar 16 16:42:32 2022
2022-03-16 16:43:01.658;DEBUG   ;Pulse    ;Listener (for MainProcess);21168;1647409380.0042806;1647408300.0;1647407400.0;[-20, -35];['Wed Mar 16 16:25:00 2022', 'Wed Mar 16 16:10:00 2022'];False; Pulsed = True;Wed Mar 16 16:42:32 2022
2022-03-16 16:43:02.985;DEBUG   ;Pulse    ;Listener (for MainProcess);21168;1647409380.0042806;1647408360.0;1647407460.0;[-20, -35];['Wed Mar 16 16:26:00 2022', 'Wed Mar 16 16:11:00 2022'];False; Pulsed = True;Wed Mar 16 16:42:32 2022
2022-03-16 16:43:04.310;DEBUG   ;Pulse    ;Listener (for MainProcess);21168;1647409380.0042806;1647408420.0;1647407520.0;[-20, -35];['Wed Mar 16 16:27:00 2022', 'Wed Mar 16 16:12:00 2022'];False; Pulsed = True;Wed Mar 16 16:42:32 2022
2022-03-16 16:43:05.635;DEBUG   ;Pulse    ;Listener (for MainProcess);21168;1647409380.0042806;1647408480.0;1647407580.0;[-20, -35];['Wed Mar 16 16:28:00 2022', 'Wed Mar 16 16:13:00 2022'];False; Pulsed = True;Wed Mar 16 16:42:32 2022
2022-03-16 16:43:06.963;DEBUG   ;Pulse    ;Listener (for MainProcess);21168;1647409380.0042806;1647408540.0;1647407640.0;[-20, -35];['Wed Mar 16 16:29:00 2022', 'Wed Mar 16 16:14:00 2022'];False; Pulsed = True;Wed Mar 16 16:42:32 2022
2022-03-16 16:43:08.289;DEBUG   ;Pulse    ;Listener (for MainProcess);21168;1647409380.0042806;1647408600.0;1647407700.0;[-20, -35];['Wed Mar 16 16:30:00 2022', 'Wed Mar 16 16:15:00 2022'];False; Pulsed = True;Wed Mar 16 16:42:32 2022
2022-03-16 16:43:09.613;DEBUG   ;Pulse    ;Listener (for MainProcess);21168;1647409380.0042806;1647408660.0;1647407760.0;[-20, -35];['Wed Mar 16 16:31:00 2022', 'Wed Mar 16 16:16:00 2022'];False; Pulsed = True;Wed Mar 16 16:42:32 2022
2022-03-16 16:43:10.953;DEBUG   ;Pulse    ;Listener (for MainProcess);21168;1647409380.0042806;1647408720.0;1647407820.0;[-20, -35];['Wed Mar 16 16:32:00 2022', 'Wed Mar 16 16:17:00 2022'];False; Pulsed = True;Wed Mar 16 16:42:32 2022
2022-03-16 16:43:12.294;DEBUG   ;Pulse    ;Listener (for MainProcess);21168;1647409380.0042806;1647408780.0;1647407880.0;[-20, -35];['Wed Mar 16 16:33:00 2022', 'Wed Mar 16 16:18:00 2022'];False; Pulsed = True;Wed Mar 16 16:42:32 2022
2022-03-16 16:43:13.630;DEBUG   ;Pulse    ;Listener (for MainProcess);21168;1647409380.0042806;1647408840.0;1647407940.0;[-20, -35];['Wed Mar 16 16:34:00 2022', 'Wed Mar 16 16:19:00 2022'];False; Pulsed = True;Wed Mar 16 16:42:32 2022
2022-03-16 16:43:14.967;DEBUG   ;Pulse    ;Listener (for MainProcess);21168;1647409380.0042806;1647408900.0;1647408000.0;[-20, -35];['Wed Mar 16 16:35:00 2022', 'Wed Mar 16 16:20:00 2022'];False; Pulsed = True;Wed Mar 16 16:42:32 2022
2022-03-16 16:43:16.293;DEBUG   ;Pulse    ;Listener (for MainProcess);21168;1647409380.0042806;1647408960.0;1647408060.0;[-20, -35];['Wed Mar 16 16:36:00 2022', 'Wed Mar 16 16:21:00 2022'];False; Pulsed = True;Wed Mar 16 16:42:32 2022
2022-03-16 16:43:17.633;DEBUG   ;Pulse    ;Listener (for MainProcess);21168;1647409380.0042806;1647409020.0;1647408120.0;[-20, -35];['Wed Mar 16 16:37:00 2022', 'Wed Mar 16 16:22:00 2022'];False; Pulsed = True;Wed Mar 16 16:42:32 2022
2022-03-16 16:43:18.970;DEBUG   ;Pulse    ;Listener (for MainProcess);21168;1647409380.0042806;1647409080.0;1647408180.0;[-20, -35];['Wed Mar 16 16:38:00 2022', 'Wed Mar 16 16:23:00 2022'];False; Pulsed = True;Wed Mar 16 16:42:32 2022
2022-03-16 16:43:20.293;DEBUG   ;Pulse    ;Listener (for MainProcess);21168;1647409380.0042806;1647409140.0;1647408240.0;[-20, -35];['Wed Mar 16 16:39:00 2022', 'Wed Mar 16 16:24:00 2022'];False; Pulsed = True;Wed Mar 16 16:42:32 2022
2022-03-16 16:43:21.633;DEBUG   ;Pulse    ;Listener (for MainProcess);21168;1647409380.0042806;1647409200.0;1647408300.0;[-20, -35];['Wed Mar 16 16:40:00 2022', 'Wed Mar 16 16:25:00 2022'];False; Pulsed = True;Wed Mar 16 16:42:32 2022
2022-03-16 16:43:22.960;DEBUG   ;Pulse    ;Listener (for MainProcess);21168;1647409380.0042806;1647409260.0;1647408360.0;[-20, -35];['Wed Mar 16 16:41:00 2022', 'Wed Mar 16 16:26:00 2022'];False; Pulsed = True;Wed Mar 16 16:42:32 2022
2022-03-16 16:43:24.285;DEBUG   ;Pulse    ;Listener (for MainProcess);21168;1647409380.0042806;1647409320.0;1647408420.0;[-20, -35];['Wed Mar 16 16:42:00 2022', 'Wed Mar 16 16:27:00 2022'];False; Pulsed = True;Wed Mar 16 16:42:32 2022
2022-03-16 16:43:25.609;DEBUG   ;Pulse    ;Listener (for MainProcess);21168;1647409380.0042806;1647409380.0;1647408480.0;[-20, -35];['Wed Mar 16 16:43:00 2022', 'Wed Mar 16 16:28:00 2022'];False; Pulsed = True;Wed Mar 16 16:42:32 2022
2022-03-16 16:43:26.826;DEBUG   ;Pulse    ;Listener (for MainProcess);21168;1647409380.0042806;1647409380.0;1647408540.0;[-20, -35];['Wed Mar 16 16:43:00 2022', 'Wed Mar 16 16:29:00 2022'];False; Pulsed = True;Wed Mar 16 16:42:32 2022
2022-03-16 16:43:28.043;DEBUG   ;Pulse    ;Listener (for MainProcess);21168;1647409380.0042806;1647409380.0;1647408600.0;[-20, -35];['Wed Mar 16 16:43:00 2022', 'Wed Mar 16 16:30:00 2022'];False; Pulsed = True;Wed Mar 16 16:42:32 2022
2022-03-16 16:43:29.275;DEBUG   ;Pulse    ;Listener (for MainProcess);21168;1647409380.0042806;1647409380.0;1647408660.0;[-20, -35];['Wed Mar 16 16:43:00 2022', 'Wed Mar 16 16:31:00 2022'];False; Pulsed = True;Wed Mar 16 16:42:32 2022
2022-03-16 16:43:30.493;DEBUG   ;Pulse    ;Listener (for MainProcess);21168;1647409380.0042806;1647409380.0;1647408720.0;[-20, -35];['Wed Mar 16 16:43:00 2022', 'Wed Mar 16 16:32:00 2022'];False; Pulsed = True;Wed Mar 16 16:42:32 2022
2022-03-16 16:43:31.725;DEBUG   ;Pulse    ;Listener (for MainProcess);21168;1647409380.0042806;1647409380.0;1647408780.0;[-20, -35];['Wed Mar 16 16:43:00 2022', 'Wed Mar 16 16:33:00 2022'];False; Pulsed = True;Wed Mar 16 16:42:32 2022
2022-03-16 16:43:32.955;DEBUG   ;Pulse    ;Listener (for MainProcess);21168;1647409380.0042806;1647409380.0;1647408840.0;[-20, -35];['Wed Mar 16 16:43:00 2022', 'Wed Mar 16 16:34:00 2022'];False; Pulsed = True;Wed Mar 16 16:42:32 2022
2022-03-16 16:43:34.186;DEBUG   ;Pulse    ;Listener (for MainProcess);21168;1647409380.0042806;1647409380.0;1647408900.0;[-20, -35];['Wed Mar 16 16:43:00 2022', 'Wed Mar 16 16:35:00 2022'];False; Pulsed = True;Wed Mar 16 16:42:32 2022
2022-03-16 16:43:35.405;DEBUG   ;Pulse    ;Listener (for MainProcess);21168;1647409380.0042806;1647409380.0;1647408960.0;[-20, -35];['Wed Mar 16 16:43:00 2022', 'Wed Mar 16 16:36:00 2022'];False; Pulsed = True;Wed Mar 16 16:42:32 2022
2022-03-16 16:43:36.635;DEBUG   ;Pulse    ;Listener (for MainProcess);21168;1647409380.0042806;1647409380.0;1647409020.0;[-20, -35];['Wed Mar 16 16:43:00 2022', 'Wed Mar 16 16:37:00 2022'];False; Pulsed = True;Wed Mar 16 16:42:32 2022
2022-03-16 16:43:37.865;DEBUG   ;Pulse    ;Listener (for MainProcess);21168;1647409380.0042806;1647409380.0;1647409080.0;[-20, -35];['Wed Mar 16 16:43:00 2022', 'Wed Mar 16 16:38:00 2022'];False; Pulsed = True;Wed Mar 16 16:42:32 2022
2022-03-16 16:43:39.096;DEBUG   ;Pulse    ;Listener (for MainProcess);21168;1647409380.0042806;1647409380.0;1647409140.0;[-20, -35];['Wed Mar 16 16:43:00 2022', 'Wed Mar 16 16:39:00 2022'];False; Pulsed = True;Wed Mar 16 16:42:32 2022
2022-03-16 16:43:40.326;DEBUG   ;Pulse    ;Listener (for MainProcess);21168;1647409380.0042806;1647409380.0;1647409200.0;[-20, -35];['Wed Mar 16 16:43:00 2022', 'Wed Mar 16 16:40:00 2022'];False; Pulsed = True;Wed Mar 16 16:42:32 2022
2022-03-16 16:43:41.542;DEBUG   ;Pulse    ;Listener (for MainProcess);21168;1647409380.0042806;1647409380.0;1647409260.0;[-20, -35];['Wed Mar 16 16:43:00 2022', 'Wed Mar 16 16:41:00 2022'];False; Pulsed = True;Wed Mar 16 16:42:32 2022
2022-03-16 16:43:42.760;DEBUG   ;Pulse    ;Listener (for MainProcess);21168;1647409380.0042806;1647409380.0;1647409320.0;[-20, -35];['Wed Mar 16 16:43:00 2022', 'Wed Mar 16 16:42:00 2022'];False; Pulsed = True;Wed Mar 16 16:42:32 2022
2022-03-16 16:43:43.990;DEBUG   ;Pulse    ;Listener (for MainProcess);21168;1647409380.0042806;1647409380.0;1647409380.0;[-20, -35];['Wed Mar 16 16:43:00 2022', 'Wed Mar 16 16:43:00 2022'];False; Pulsed = True;Wed Mar 16 16:42:32 2022
2022-03-16 16:44:00.339;DEBUG   ;Pulse    ;Listener (for MainProcess);21168;1647409440.0141451;1647409440.0;1647409440.0;[-1, -1];['Wed Mar 16 16:44:00 2022', 'Wed Mar 16 16:44:00 2022'];False; Pulsed = True;Wed Mar 16 16:42:32 2022
2022-03-16 16:45:00.330;DEBUG   ;Pulse    ;Listener (for MainProcess);21168;1647409500.0068526;1647409500.0;1647409500.0;[-1, -1];['Wed Mar 16 16:45:00 2022', 'Wed Mar 16 16:45:00 2022'];False; Pulsed = True;Wed Mar 16 16:42:32 2022
2022-03-16 16:46:00.335;DEBUG   ;Pulse    ;Listener (for MainProcess);21168;1647409560.011606;1647407340.0;1647408960.0;[-1, -1];['Wed Mar 16 16:46:00 2022', 'Wed Mar 16 16:46:00 2022'];False; Pulsed = True;Wed Mar 16 16:42:32 2022
2022-03-16 16:51:00.329;DEBUG   ;Pulse    ;Listener (for MainProcess);27728;1647409860.0027661;1647407400.0;1647409020.0;[-42, -15];['Wed Mar 16 16:10:00 2022', 'Wed Mar 16 16:37:00 2022'];False; Pulsed = True;Wed Mar 16 16:50:42 2022
2022-03-16 16:51:01.662;DEBUG   ;Pulse    ;Listener (for MainProcess);27728;1647409860.0027661;1647407460.0;1647409080.0;[-42, -15];['Wed Mar 16 16:11:00 2022', 'Wed Mar 16 16:38:00 2022'];False; Pulsed = True;Wed Mar 16 16:50:42 2022
2022-03-16 16:51:02.994;DEBUG   ;Pulse    ;Listener (for MainProcess);27728;1647409860.0027661;1647407520.0;1647409140.0;[-42, -15];['Wed Mar 16 16:12:00 2022', 'Wed Mar 16 16:39:00 2022'];False; Pulsed = True;Wed Mar 16 16:50:42 2022
2022-03-16 16:51:04.327;DEBUG   ;Pulse    ;Listener (for MainProcess);27728;1647409860.0027661;1647407580.0;1647409200.0;[-42, -15];['Wed Mar 16 16:13:00 2022', 'Wed Mar 16 16:40:00 2022'];False; Pulsed = True;Wed Mar 16 16:50:42 2022
2022-03-16 16:51:05.661;DEBUG   ;Pulse    ;Listener (for MainProcess);27728;1647409860.0027661;1647407640.0;1647409260.0;[-42, -15];['Wed Mar 16 16:14:00 2022', 'Wed Mar 16 16:41:00 2022'];False; Pulsed = True;Wed Mar 16 16:50:42 2022
2022-03-16 16:51:06.993;DEBUG   ;Pulse    ;Listener (for MainProcess);27728;1647409860.0027661;1647407700.0;1647409320.0;[-42, -15];['Wed Mar 16 16:15:00 2022', 'Wed Mar 16 16:42:00 2022'];False; Pulsed = True;Wed Mar 16 16:50:42 2022
2022-03-16 16:51:08.326;DEBUG   ;Pulse    ;Listener (for MainProcess);27728;1647409860.0027661;1647407760.0;1647409380.0;[-42, -15];['Wed Mar 16 16:16:00 2022', 'Wed Mar 16 16:43:00 2022'];False; Pulsed = True;Wed Mar 16 16:50:42 2022
2022-03-16 16:51:09.659;DEBUG   ;Pulse    ;Listener (for MainProcess);27728;1647409860.0027661;1647407820.0;1647409440.0;[-42, -15];['Wed Mar 16 16:17:00 2022', 'Wed Mar 16 16:44:00 2022'];False; Pulsed = True;Wed Mar 16 16:50:42 2022
2022-03-16 16:51:10.992;DEBUG   ;Pulse    ;Listener (for MainProcess);27728;1647409860.0027661;1647407880.0;1647409500.0;[-42, -15];['Wed Mar 16 16:18:00 2022', 'Wed Mar 16 16:45:00 2022'];False; Pulsed = True;Wed Mar 16 16:50:42 2022
2022-03-16 16:51:12.325;DEBUG   ;Pulse    ;Listener (for MainProcess);27728;1647409860.0027661;1647407940.0;1647409560.0;[-42, -15];['Wed Mar 16 16:19:00 2022', 'Wed Mar 16 16:46:00 2022'];False; Pulsed = True;Wed Mar 16 16:50:42 2022
2022-03-16 16:51:13.657;DEBUG   ;Pulse    ;Listener (for MainProcess);27728;1647409860.0027661;1647408000.0;1647409620.0;[-42, -15];['Wed Mar 16 16:20:00 2022', 'Wed Mar 16 16:47:00 2022'];False; Pulsed = True;Wed Mar 16 16:50:42 2022
2022-03-16 16:51:14.990;DEBUG   ;Pulse    ;Listener (for MainProcess);27728;1647409860.0027661;1647408060.0;1647409680.0;[-42, -15];['Wed Mar 16 16:21:00 2022', 'Wed Mar 16 16:48:00 2022'];False; Pulsed = True;Wed Mar 16 16:50:42 2022
2022-03-16 16:52:00.341;DEBUG   ;Pulse    ;Listener (for MainProcess);5964;1647409920.0149543;1647407340.0;1647410524.3;[-31, -4];['Wed Mar 16 16:22:00 2022', 'Wed Mar 16 16:49:00 2022'];False; Pulsed = True;Wed Mar 16 16:51:58 2022
2022-03-16 16:53:00.222;DEBUG   ;Pulse    ;Listener (for MainProcess);15956;1647409980.0068765;1647407400.0;1647410520.0;[-44, 9];['Wed Mar 16 16:10:00 2022', 'Wed Mar 16 17:02:00 2022'];False; Pulsed = True;Wed Mar 16 16:52:44 2022
2022-03-16 16:53:01.441;DEBUG   ;Pulse    ;Listener (for MainProcess);15956;1647409980.0068765;1647407460.0;1647410520.0;[-44, 9];['Wed Mar 16 16:11:00 2022', 'Wed Mar 16 17:02:00 2022'];False; Pulsed = True;Wed Mar 16 16:52:44 2022
2022-03-16 16:53:02.658;DEBUG   ;Pulse    ;Listener (for MainProcess);15956;1647409980.0068765;1647407520.0;1647410520.0;[-44, 9];['Wed Mar 16 16:12:00 2022', 'Wed Mar 16 17:02:00 2022'];False; Pulsed = True;Wed Mar 16 16:52:44 2022
2022-03-16 16:53:03.878;DEBUG   ;Pulse    ;Listener (for MainProcess);15956;1647409980.0068765;1647407580.0;1647410520.0;[-44, 9];['Wed Mar 16 16:13:00 2022', 'Wed Mar 16 17:02:00 2022'];False; Pulsed = True;Wed Mar 16 16:52:44 2022
2022-03-16 16:53:05.099;DEBUG   ;Pulse    ;Listener (for MainProcess);15956;1647409980.0068765;1647407640.0;1647410520.0;[-44, 9];['Wed Mar 16 16:14:00 2022', 'Wed Mar 16 17:02:00 2022'];False; Pulsed = True;Wed Mar 16 16:52:44 2022
2022-03-16 16:53:06.329;DEBUG   ;Pulse    ;Listener (for MainProcess);15956;1647409980.0068765;1647407700.0;1647410520.0;[-44, 9];['Wed Mar 16 16:15:00 2022', 'Wed Mar 16 17:02:00 2022'];False; Pulsed = True;Wed Mar 16 16:52:44 2022
2022-03-16 16:53:07.562;DEBUG   ;Pulse    ;Listener (for MainProcess);15956;1647409980.0068765;1647407760.0;1647410520.0;[-44, 9];['Wed Mar 16 16:16:00 2022', 'Wed Mar 16 17:02:00 2022'];False; Pulsed = True;Wed Mar 16 16:52:44 2022
2022-03-16 16:53:08.782;DEBUG   ;Pulse    ;Listener (for MainProcess);15956;1647409980.0068765;1647407820.0;1647410520.0;[-44, 9];['Wed Mar 16 16:17:00 2022', 'Wed Mar 16 17:02:00 2022'];False; Pulsed = True;Wed Mar 16 16:52:44 2022
2022-03-16 16:53:10.001;DEBUG   ;Pulse    ;Listener (for MainProcess);15956;1647409980.0068765;1647407880.0;1647410520.0;[-44, 9];['Wed Mar 16 16:18:00 2022', 'Wed Mar 16 17:02:00 2022'];False; Pulsed = True;Wed Mar 16 16:52:44 2022
2022-03-16 16:53:11.233;DEBUG   ;Pulse    ;Listener (for MainProcess);15956;1647409980.0068765;1647407940.0;1647410520.0;[-44, 9];['Wed Mar 16 16:19:00 2022', 'Wed Mar 16 17:02:00 2022'];False; Pulsed = True;Wed Mar 16 16:52:44 2022
2022-03-16 16:53:12.464;DEBUG   ;Pulse    ;Listener (for MainProcess);15956;1647409980.0068765;1647408000.0;1647410520.0;[-44, 9];['Wed Mar 16 16:20:00 2022', 'Wed Mar 16 17:02:00 2022'];False; Pulsed = True;Wed Mar 16 16:52:44 2022
2022-03-16 16:53:13.682;DEBUG   ;Pulse    ;Listener (for MainProcess);15956;1647409980.0068765;1647408060.0;1647410520.0;[-44, 9];['Wed Mar 16 16:21:00 2022', 'Wed Mar 16 17:02:00 2022'];False; Pulsed = True;Wed Mar 16 16:52:44 2022
2022-03-16 16:53:14.898;DEBUG   ;Pulse    ;Listener (for MainProcess);15956;1647409980.0068765;1647408120.0;1647410520.0;[-44, 9];['Wed Mar 16 16:22:00 2022', 'Wed Mar 16 17:02:00 2022'];False; Pulsed = True;Wed Mar 16 16:52:44 2022
2022-03-16 16:53:16.115;DEBUG   ;Pulse    ;Listener (for MainProcess);15956;1647409980.0068765;1647408180.0;1647410520.0;[-44, 9];['Wed Mar 16 16:23:00 2022', 'Wed Mar 16 17:02:00 2022'];False; Pulsed = True;Wed Mar 16 16:52:44 2022
2022-03-16 16:53:17.346;DEBUG   ;Pulse    ;Listener (for MainProcess);15956;1647409980.0068765;1647408240.0;1647410520.0;[-44, 9];['Wed Mar 16 16:24:00 2022', 'Wed Mar 16 17:02:00 2022'];False; Pulsed = True;Wed Mar 16 16:52:44 2022
2022-03-16 16:53:18.576;DEBUG   ;Pulse    ;Listener (for MainProcess);15956;1647409980.0068765;1647408300.0;1647410520.0;[-44, 9];['Wed Mar 16 16:25:00 2022', 'Wed Mar 16 17:02:00 2022'];False; Pulsed = True;Wed Mar 16 16:52:44 2022
2022-03-16 16:53:19.808;DEBUG   ;Pulse    ;Listener (for MainProcess);15956;1647409980.0068765;1647408360.0;1647410520.0;[-44, 9];['Wed Mar 16 16:26:00 2022', 'Wed Mar 16 17:02:00 2022'];False; Pulsed = True;Wed Mar 16 16:52:44 2022
2022-03-16 16:53:21.024;DEBUG   ;Pulse    ;Listener (for MainProcess);15956;1647409980.0068765;1647408420.0;1647410520.0;[-44, 9];['Wed Mar 16 16:27:00 2022', 'Wed Mar 16 17:02:00 2022'];False; Pulsed = True;Wed Mar 16 16:52:44 2022
2022-03-16 16:53:22.245;DEBUG   ;Pulse    ;Listener (for MainProcess);15956;1647409980.0068765;1647408480.0;1647410520.0;[-44, 9];['Wed Mar 16 16:28:00 2022', 'Wed Mar 16 17:02:00 2022'];False; Pulsed = True;Wed Mar 16 16:52:44 2022
2022-03-16 16:53:23.466;DEBUG   ;Pulse    ;Listener (for MainProcess);15956;1647409980.0068765;1647408540.0;1647410520.0;[-44, 9];['Wed Mar 16 16:29:00 2022', 'Wed Mar 16 17:02:00 2022'];False; Pulsed = True;Wed Mar 16 16:52:44 2022
2022-03-16 16:53:24.685;DEBUG   ;Pulse    ;Listener (for MainProcess);15956;1647409980.0068765;1647408600.0;1647410520.0;[-44, 9];['Wed Mar 16 16:30:00 2022', 'Wed Mar 16 17:02:00 2022'];False; Pulsed = True;Wed Mar 16 16:52:44 2022
2022-03-16 16:53:25.915;DEBUG   ;Pulse    ;Listener (for MainProcess);15956;1647409980.0068765;1647408660.0;1647410520.0;[-44, 9];['Wed Mar 16 16:31:00 2022', 'Wed Mar 16 17:02:00 2022'];False; Pulsed = True;Wed Mar 16 16:52:44 2022
2022-03-16 16:53:27.133;DEBUG   ;Pulse    ;Listener (for MainProcess);15956;1647409980.0068765;1647408720.0;1647410520.0;[-44, 9];['Wed Mar 16 16:32:00 2022', 'Wed Mar 16 17:02:00 2022'];False; Pulsed = True;Wed Mar 16 16:52:44 2022
2022-03-16 16:53:28.353;DEBUG   ;Pulse    ;Listener (for MainProcess);15956;1647409980.0068765;1647408780.0;1647410520.0;[-44, 9];['Wed Mar 16 16:33:00 2022', 'Wed Mar 16 17:02:00 2022'];False; Pulsed = True;Wed Mar 16 16:52:44 2022
2022-03-16 16:53:29.584;DEBUG   ;Pulse    ;Listener (for MainProcess);15956;1647409980.0068765;1647408840.0;1647410520.0;[-44, 9];['Wed Mar 16 16:34:00 2022', 'Wed Mar 16 17:02:00 2022'];False; Pulsed = True;Wed Mar 16 16:52:44 2022
2022-03-16 16:53:30.801;DEBUG   ;Pulse    ;Listener (for MainProcess);15956;1647409980.0068765;1647408900.0;1647410520.0;[-44, 9];['Wed Mar 16 16:35:00 2022', 'Wed Mar 16 17:02:00 2022'];False; Pulsed = True;Wed Mar 16 16:52:44 2022
2022-03-16 16:53:32.032;DEBUG   ;Pulse    ;Listener (for MainProcess);15956;1647409980.0068765;1647408960.0;1647410520.0;[-44, 9];['Wed Mar 16 16:36:00 2022', 'Wed Mar 16 17:02:00 2022'];False; Pulsed = True;Wed Mar 16 16:52:44 2022
2022-03-16 16:53:33.264;DEBUG   ;Pulse    ;Listener (for MainProcess);15956;1647409980.0068765;1647409020.0;1647410520.0;[-44, 9];['Wed Mar 16 16:37:00 2022', 'Wed Mar 16 17:02:00 2022'];False; Pulsed = True;Wed Mar 16 16:52:44 2022
2022-03-16 16:53:34.481;DEBUG   ;Pulse    ;Listener (for MainProcess);15956;1647409980.0068765;1647409080.0;1647410520.0;[-44, 9];['Wed Mar 16 16:38:00 2022', 'Wed Mar 16 17:02:00 2022'];False; Pulsed = True;Wed Mar 16 16:52:44 2022
2022-03-16 16:53:35.704;DEBUG   ;Pulse    ;Listener (for MainProcess);15956;1647409980.0068765;1647409140.0;1647410520.0;[-44, 9];['Wed Mar 16 16:39:00 2022', 'Wed Mar 16 17:02:00 2022'];False; Pulsed = True;Wed Mar 16 16:52:44 2022
2022-03-16 16:53:36.926;DEBUG   ;Pulse    ;Listener (for MainProcess);15956;1647409980.0068765;1647409200.0;1647410520.0;[-44, 9];['Wed Mar 16 16:40:00 2022', 'Wed Mar 16 17:02:00 2022'];False; Pulsed = True;Wed Mar 16 16:52:44 2022
2022-03-16 16:53:38.158;DEBUG   ;Pulse    ;Listener (for MainProcess);15956;1647409980.0068765;1647409260.0;1647410520.0;[-44, 9];['Wed Mar 16 16:41:00 2022', 'Wed Mar 16 17:02:00 2022'];False; Pulsed = True;Wed Mar 16 16:52:44 2022
2022-03-16 16:53:39.378;DEBUG   ;Pulse    ;Listener (for MainProcess);15956;1647409980.0068765;1647409320.0;1647410520.0;[-44, 9];['Wed Mar 16 16:42:00 2022', 'Wed Mar 16 17:02:00 2022'];False; Pulsed = True;Wed Mar 16 16:52:44 2022
2022-03-16 16:53:40.597;DEBUG   ;Pulse    ;Listener (for MainProcess);15956;1647409980.0068765;1647409380.0;1647410520.0;[-44, 9];['Wed Mar 16 16:43:00 2022', 'Wed Mar 16 17:02:00 2022'];False; Pulsed = True;Wed Mar 16 16:52:44 2022
2022-03-16 16:53:41.818;DEBUG   ;Pulse    ;Listener (for MainProcess);15956;1647409980.0068765;1647409440.0;1647410520.0;[-44, 9];['Wed Mar 16 16:44:00 2022', 'Wed Mar 16 17:02:00 2022'];False; Pulsed = True;Wed Mar 16 16:52:44 2022
2022-03-16 16:53:43.050;DEBUG   ;Pulse    ;Listener (for MainProcess);15956;1647409980.0068765;1647409500.0;1647410520.0;[-44, 9];['Wed Mar 16 16:45:00 2022', 'Wed Mar 16 17:02:00 2022'];False; Pulsed = True;Wed Mar 16 16:52:44 2022
2022-03-16 16:53:44.281;DEBUG   ;Pulse    ;Listener (for MainProcess);15956;1647409980.0068765;1647409560.0;1647410520.0;[-44, 9];['Wed Mar 16 16:46:00 2022', 'Wed Mar 16 17:02:00 2022'];False; Pulsed = True;Wed Mar 16 16:52:44 2022
2022-03-16 16:53:45.498;DEBUG   ;Pulse    ;Listener (for MainProcess);15956;1647409980.0068765;1647409620.0;1647410520.0;[-44, 9];['Wed Mar 16 16:47:00 2022', 'Wed Mar 16 17:02:00 2022'];False; Pulsed = True;Wed Mar 16 16:52:44 2022
2022-03-16 16:53:46.716;DEBUG   ;Pulse    ;Listener (for MainProcess);15956;1647409980.0068765;1647409680.0;1647410520.0;[-44, 9];['Wed Mar 16 16:48:00 2022', 'Wed Mar 16 17:02:00 2022'];False; Pulsed = True;Wed Mar 16 16:52:44 2022
2022-03-16 16:53:47.934;DEBUG   ;Pulse    ;Listener (for MainProcess);15956;1647409980.0068765;1647409740.0;1647410520.0;[-44, 9];['Wed Mar 16 16:49:00 2022', 'Wed Mar 16 17:02:00 2022'];False; Pulsed = True;Wed Mar 16 16:52:44 2022
2022-03-16 16:53:49.151;DEBUG   ;Pulse    ;Listener (for MainProcess);15956;1647409980.0068765;1647409800.0;1647410520.0;[-44, 9];['Wed Mar 16 16:50:00 2022', 'Wed Mar 16 17:02:00 2022'];False; Pulsed = True;Wed Mar 16 16:52:44 2022
2022-03-16 16:53:50.370;DEBUG   ;Pulse    ;Listener (for MainProcess);15956;1647409980.0068765;1647409860.0;1647410520.0;[-44, 9];['Wed Mar 16 16:51:00 2022', 'Wed Mar 16 17:02:00 2022'];False; Pulsed = True;Wed Mar 16 16:52:44 2022
2022-03-16 16:53:51.598;DEBUG   ;Pulse    ;Listener (for MainProcess);15956;1647409980.0068765;1647409920.0;1647410520.0;[-44, 9];['Wed Mar 16 16:52:00 2022', 'Wed Mar 16 17:02:00 2022'];False; Pulsed = True;Wed Mar 16 16:52:44 2022
2022-03-16 16:53:52.828;DEBUG   ;Pulse    ;Listener (for MainProcess);15956;1647409980.0068765;1647409980.0;1647410520.0;[-44, 9];['Wed Mar 16 16:53:00 2022', 'Wed Mar 16 17:02:00 2022'];False; Pulsed = True;Wed Mar 16 16:52:44 2022
2022-03-16 16:54:00.218;DEBUG   ;Pulse    ;Listener (for MainProcess);15956;1647410040.0028713;1647410040.0;1647410520.0;[-1, 8];['Wed Mar 16 16:54:00 2022', 'Wed Mar 16 17:02:00 2022'];False; Pulsed = True;Wed Mar 16 16:52:44 2022
2022-03-16 16:55:00.225;DEBUG   ;Pulse    ;Listener (for MainProcess);15956;1647410100.00969;1647410100.0;1647410520.0;[-1, 7];['Wed Mar 16 16:55:00 2022', 'Wed Mar 16 17:02:00 2022'];False; Pulsed = True;Wed Mar 16 16:52:44 2022
2022-03-16 16:56:00.221;DEBUG   ;Pulse    ;Listener (for MainProcess);15956;1647410160.005334;1647410160.0;1647410520.0;[-1, 6];['Wed Mar 16 16:56:00 2022', 'Wed Mar 16 17:02:00 2022'];False; Pulsed = True;Wed Mar 16 16:52:44 2022
2022-03-16 16:57:00.219;DEBUG   ;Pulse    ;Listener (for MainProcess);9108;1647410220.00227;1647410220.0;1647410520.0;[-1, 5];['Wed Mar 16 16:57:00 2022', 'Wed Mar 16 17:02:00 2022'];False; Pulsed = True;Wed Mar 16 16:56:51 2022
2022-03-16 16:58:00.220;DEBUG   ;Pulse    ;Listener (for MainProcess);9108;1647410280.0040073;1647410280.0;1647410520.0;[-1, 4];['Wed Mar 16 16:58:00 2022', 'Wed Mar 16 17:02:00 2022'];False; Pulsed = True;Wed Mar 16 16:56:51 2022
2022-03-16 16:59:00.224;DEBUG   ;Pulse    ;Listener (for MainProcess);9108;1647410340.008183;1647410340.0;1647410520.0;[-1, 3];['Wed Mar 16 16:59:00 2022', 'Wed Mar 16 17:02:00 2022'];False; Pulsed = True;Wed Mar 16 16:56:51 2022
2022-03-16 17:00:00.218;DEBUG   ;Pulse    ;Listener (for MainProcess);9108;1647410400.0007555;1647410400.0;1647410520.0;[-1, 2];['Wed Mar 16 17:00:00 2022', 'Wed Mar 16 17:02:00 2022'];False; Pulsed = True;Wed Mar 16 16:56:51 2022
2022-03-16 17:01:00.218;DEBUG   ;Pulse    ;Listener (for MainProcess);9108;1647410460.002044;1647410460.0;1647410520.0;[-1, 1];['Wed Mar 16 17:01:00 2022', 'Wed Mar 16 17:02:00 2022'];False; Pulsed = True;Wed Mar 16 16:56:51 2022
2022-03-16 17:02:00.221;DEBUG   ;Pulse    ;Listener (for MainProcess);9108;1647410520.0047457;1647410520.0;1647410520.0;[-1, 0];['Wed Mar 16 17:02:00 2022', 'Wed Mar 16 17:02:00 2022'];False; Pulsed = True;Wed Mar 16 16:56:51 2022
2022-03-16 17:03:00.325;DEBUG   ;Pulse    ;Listener (for MainProcess);9108;1647410580.0018167;1647410580.0;1647410580.0;[-1, -1];['Wed Mar 16 17:03:00 2022', 'Wed Mar 16 17:03:00 2022'];False; Pulsed = True;Wed Mar 16 16:56:51 2022
2022-03-16 17:04:00.331;DEBUG   ;Pulse    ;Listener (for MainProcess);9108;1647410640.0066886;1647410640.0;1647410640.0;[-1, -1];['Wed Mar 16 17:04:00 2022', 'Wed Mar 16 17:04:00 2022'];False; Pulsed = True;Wed Mar 16 16:56:51 2022
2022-03-16 17:05:00.327;DEBUG   ;Pulse    ;Listener (for MainProcess);9108;1647410700.001563;1647410700.0;1647410700.0;[-1, -1];['Wed Mar 16 17:05:00 2022', 'Wed Mar 16 17:05:00 2022'];False; Pulsed = True;Wed Mar 16 16:56:51 2022
2022-03-16 17:23:00.332;DEBUG   ;Pulse    ;Listener (for MainProcess);31492;1647411780.0077248;1647410760.0;1647410760.0;[-18, -18];['Wed Mar 16 17:06:00 2022', 'Wed Mar 16 17:06:00 2022'];False; Pulsed = True;Wed Mar 16 17:22:22 2022
2022-03-16 17:23:01.673;DEBUG   ;Pulse    ;Listener (for MainProcess);31492;1647411780.0077248;1647410820.0;1647410820.0;[-18, -18];['Wed Mar 16 17:07:00 2022', 'Wed Mar 16 17:07:00 2022'];False; Pulsed = True;Wed Mar 16 17:22:22 2022
2022-03-16 17:23:03.001;DEBUG   ;Pulse    ;Listener (for MainProcess);31492;1647411780.0077248;1647410880.0;1647410880.0;[-18, -18];['Wed Mar 16 17:08:00 2022', 'Wed Mar 16 17:08:00 2022'];False; Pulsed = True;Wed Mar 16 17:22:22 2022
2022-03-16 17:23:04.328;DEBUG   ;Pulse    ;Listener (for MainProcess);31492;1647411780.0077248;1647410940.0;1647410940.0;[-18, -18];['Wed Mar 16 17:09:00 2022', 'Wed Mar 16 17:09:00 2022'];False; Pulsed = True;Wed Mar 16 17:22:22 2022
2022-03-16 17:23:05.668;DEBUG   ;Pulse    ;Listener (for MainProcess);31492;1647411780.0077248;1647411000.0;1647411000.0;[-18, -18];['Wed Mar 16 17:10:00 2022', 'Wed Mar 16 17:10:00 2022'];False; Pulsed = True;Wed Mar 16 17:22:22 2022
2022-03-16 17:23:07.009;DEBUG   ;Pulse    ;Listener (for MainProcess);31492;1647411780.0077248;1647411060.0;1647411060.0;[-18, -18];['Wed Mar 16 17:11:00 2022', 'Wed Mar 16 17:11:00 2022'];False; Pulsed = True;Wed Mar 16 17:22:22 2022
2022-03-16 17:28:00.335;DEBUG   ;Pulse    ;Listener (for MainProcess);480;1647412080.0;1647411120.0;1647411120.0;[-17, -17];['Wed Mar 16 17:12:00 2022', 'Wed Mar 16 17:12:00 2022'];False; Pulsed = True;Wed Mar 16 17:27:16 2022
2022-03-16 17:28:01.674;DEBUG   ;Pulse    ;Listener (for MainProcess);480;1647412080.0;1647411180.0;1647411180.0;[-17, -17];['Wed Mar 16 17:13:00 2022', 'Wed Mar 16 17:13:00 2022'];False; Pulsed = True;Wed Mar 16 17:27:16 2022
2022-03-16 17:28:03.013;DEBUG   ;Pulse    ;Listener (for MainProcess);480;1647412080.0;1647411240.0;1647411240.0;[-17, -17];['Wed Mar 16 17:14:00 2022', 'Wed Mar 16 17:14:00 2022'];False; Pulsed = True;Wed Mar 16 17:27:16 2022
2022-03-16 17:28:04.340;DEBUG   ;Pulse    ;Listener (for MainProcess);480;1647412080.0;1647411300.0;1647411300.0;[-17, -17];['Wed Mar 16 17:15:00 2022', 'Wed Mar 16 17:15:00 2022'];False; Pulsed = True;Wed Mar 16 17:27:16 2022
2022-03-16 17:28:05.680;DEBUG   ;Pulse    ;Listener (for MainProcess);480;1647412080.0;1647411360.0;1647411360.0;[-17, -17];['Wed Mar 16 17:16:00 2022', 'Wed Mar 16 17:16:00 2022'];False; Pulsed = True;Wed Mar 16 17:27:16 2022
2022-03-16 17:28:07.004;DEBUG   ;Pulse    ;Listener (for MainProcess);480;1647412080.0;1647411420.0;1647411420.0;[-17, -17];['Wed Mar 16 17:17:00 2022', 'Wed Mar 16 17:17:00 2022'];False; Pulsed = True;Wed Mar 16 17:27:16 2022
2022-03-16 17:28:08.345;DEBUG   ;Pulse    ;Listener (for MainProcess);480;1647412080.0;1647411480.0;1647411480.0;[-17, -17];['Wed Mar 16 17:18:00 2022', 'Wed Mar 16 17:18:00 2022'];False; Pulsed = True;Wed Mar 16 17:27:16 2022
2022-03-16 17:36:00.229;DEBUG   ;Pulse    ;Listener (for MainProcess);27196;1647412560.0;1647411540.0;1647411540.0;[17, 17];['Wed Mar 16 17:19:00 2022', 'Wed Mar 16 17:19:00 2022'];False; Pulsed = True;Wed Mar 16 17:35:43 2022
2022-03-16 17:36:01.460;DEBUG   ;Pulse    ;Listener (for MainProcess);27196;1647412560.0;1647411600.0;1647411600.0;[16, 16];['Wed Mar 16 17:20:00 2022', 'Wed Mar 16 17:20:00 2022'];False; Pulsed = True;Wed Mar 16 17:35:43 2022
2022-03-16 17:36:02.690;DEBUG   ;Pulse    ;Listener (for MainProcess);27196;1647412560.0;1647411660.0;1647411660.0;[15, 15];['Wed Mar 16 17:21:00 2022', 'Wed Mar 16 17:21:00 2022'];False; Pulsed = True;Wed Mar 16 17:35:43 2022
2022-03-16 17:36:03.922;DEBUG   ;Pulse    ;Listener (for MainProcess);27196;1647412560.0;1647411720.0;1647411720.0;[14, 14];['Wed Mar 16 17:22:00 2022', 'Wed Mar 16 17:22:00 2022'];False; Pulsed = True;Wed Mar 16 17:35:43 2022
2022-03-16 17:36:05.154;DEBUG   ;Pulse    ;Listener (for MainProcess);27196;1647412560.0;1647411780.0;1647411780.0;[13, 13];['Wed Mar 16 17:23:00 2022', 'Wed Mar 16 17:23:00 2022'];False; Pulsed = True;Wed Mar 16 17:35:43 2022
2022-03-16 17:36:06.385;DEBUG   ;Pulse    ;Listener (for MainProcess);27196;1647412560.0;1647411840.0;1647411840.0;[12, 12];['Wed Mar 16 17:24:00 2022', 'Wed Mar 16 17:24:00 2022'];False; Pulsed = True;Wed Mar 16 17:35:43 2022
2022-03-16 17:36:07.618;DEBUG   ;Pulse    ;Listener (for MainProcess);27196;1647412560.0;1647411900.0;1647411900.0;[11, 11];['Wed Mar 16 17:25:00 2022', 'Wed Mar 16 17:25:00 2022'];False; Pulsed = True;Wed Mar 16 17:35:43 2022
2022-03-16 17:36:08.836;DEBUG   ;Pulse    ;Listener (for MainProcess);27196;1647412560.0;1647411960.0;1647411960.0;[10, 10];['Wed Mar 16 17:26:00 2022', 'Wed Mar 16 17:26:00 2022'];False; Pulsed = True;Wed Mar 16 17:35:43 2022
2022-03-16 17:36:10.055;DEBUG   ;Pulse    ;Listener (for MainProcess);27196;1647412560.0;1647412020.0;1647412020.0;[9, 9];['Wed Mar 16 17:27:00 2022', 'Wed Mar 16 17:27:00 2022'];False; Pulsed = True;Wed Mar 16 17:35:43 2022
2022-03-16 17:36:11.288;DEBUG   ;Pulse    ;Listener (for MainProcess);27196;1647412560.0;1647412080.0;1647412080.0;[8, 8];['Wed Mar 16 17:28:00 2022', 'Wed Mar 16 17:28:00 2022'];False; Pulsed = True;Wed Mar 16 17:35:43 2022
2022-03-16 17:36:12.516;DEBUG   ;Pulse    ;Listener (for MainProcess);27196;1647412560.0;1647412140.0;1647412140.0;[7, 7];['Wed Mar 16 17:29:00 2022', 'Wed Mar 16 17:29:00 2022'];False; Pulsed = True;Wed Mar 16 17:35:43 2022
2022-03-16 17:36:13.747;DEBUG   ;Pulse    ;Listener (for MainProcess);27196;1647412560.0;1647412200.0;1647412200.0;[6, 6];['Wed Mar 16 17:30:00 2022', 'Wed Mar 16 17:30:00 2022'];False; Pulsed = True;Wed Mar 16 17:35:43 2022
2022-03-16 17:36:14.977;DEBUG   ;Pulse    ;Listener (for MainProcess);27196;1647412560.0;1647412260.0;1647412260.0;[5, 5];['Wed Mar 16 17:31:00 2022', 'Wed Mar 16 17:31:00 2022'];False; Pulsed = True;Wed Mar 16 17:35:43 2022
2022-03-16 17:36:16.199;DEBUG   ;Pulse    ;Listener (for MainProcess);27196;1647412560.0;1647412320.0;1647412320.0;[4, 4];['Wed Mar 16 17:32:00 2022', 'Wed Mar 16 17:32:00 2022'];False; Pulsed = True;Wed Mar 16 17:35:43 2022
2022-03-16 17:36:17.420;DEBUG   ;Pulse    ;Listener (for MainProcess);27196;1647412560.0;1647412380.0;1647412380.0;[3, 3];['Wed Mar 16 17:33:00 2022', 'Wed Mar 16 17:33:00 2022'];False; Pulsed = True;Wed Mar 16 17:35:43 2022
2022-03-16 17:36:18.652;DEBUG   ;Pulse    ;Listener (for MainProcess);27196;1647412560.0;1647412440.0;1647412440.0;[2, 2];['Wed Mar 16 17:34:00 2022', 'Wed Mar 16 17:34:00 2022'];False; Pulsed = True;Wed Mar 16 17:35:43 2022
2022-03-16 17:36:19.883;DEBUG   ;Pulse    ;Listener (for MainProcess);27196;1647412560.0;1647412500.0;1647412500.0;[1, 1];['Wed Mar 16 17:35:00 2022', 'Wed Mar 16 17:35:00 2022'];False; Pulsed = True;Wed Mar 16 17:35:43 2022
2022-03-16 17:36:21.100;DEBUG   ;Pulse    ;Listener (for MainProcess);27196;1647412560.0;1647412560.0;1647411540.0;[0, 0];['Wed Mar 16 17:36:00 2022', 'Wed Mar 16 17:36:00 2022'];False; Pulsed = True;Wed Mar 16 17:35:43 2022
2022-03-16 17:38:00.224;DEBUG   ;Pulse    ;Listener (for MainProcess);14704;1647412680.0;1647412620.0;1647411600.0;[1, 18];['Wed Mar 16 17:37:00 2022', 'Wed Mar 16 17:20:00 2022'];False; Pulsed = True;Wed Mar 16 17:37:04 2022
2022-03-16 17:38:01.455;DEBUG   ;Pulse    ;Listener (for MainProcess);14704;1647412680.0;1647412680.0;1647411660.0;[0, 17];['Wed Mar 16 17:38:00 2022', 'Wed Mar 16 17:21:00 2022'];False; Pulsed = True;Wed Mar 16 17:37:04 2022
2022-03-16 17:38:02.577;DEBUG   ;Pulse    ;Listener (for MainProcess);14704;1647412680.0;1647412680.0;1647411720.0;[0, 16];['Wed Mar 16 17:38:00 2022', 'Wed Mar 16 17:22:00 2022'];False; Pulsed = True;Wed Mar 16 17:37:04 2022
2022-03-16 17:38:03.700;DEBUG   ;Pulse    ;Listener (for MainProcess);14704;1647412680.0;1647412680.0;1647411780.0;[0, 15];['Wed Mar 16 17:38:00 2022', 'Wed Mar 16 17:23:00 2022'];False; Pulsed = True;Wed Mar 16 17:37:04 2022
2022-03-16 17:38:04.808;DEBUG   ;Pulse    ;Listener (for MainProcess);14704;1647412680.0;1647412680.0;1647411840.0;[0, 14];['Wed Mar 16 17:38:00 2022', 'Wed Mar 16 17:24:00 2022'];False; Pulsed = True;Wed Mar 16 17:37:04 2022
2022-03-16 17:38:05.932;DEBUG   ;Pulse    ;Listener (for MainProcess);14704;1647412680.0;1647412680.0;1647411900.0;[0, 13];['Wed Mar 16 17:38:00 2022', 'Wed Mar 16 17:25:00 2022'];False; Pulsed = True;Wed Mar 16 17:37:04 2022
2022-03-16 17:38:07.041;DEBUG   ;Pulse    ;Listener (for MainProcess);14704;1647412680.0;1647412680.0;1647411960.0;[0, 12];['Wed Mar 16 17:38:00 2022', 'Wed Mar 16 17:26:00 2022'];False; Pulsed = True;Wed Mar 16 17:37:04 2022
2022-03-16 17:38:08.151;DEBUG   ;Pulse    ;Listener (for MainProcess);14704;1647412680.0;1647412680.0;1647412020.0;[0, 11];['Wed Mar 16 17:38:00 2022', 'Wed Mar 16 17:27:00 2022'];False; Pulsed = True;Wed Mar 16 17:37:04 2022
2022-03-16 17:38:09.261;DEBUG   ;Pulse    ;Listener (for MainProcess);14704;1647412680.0;1647412680.0;1647412080.0;[0, 10];['Wed Mar 16 17:38:00 2022', 'Wed Mar 16 17:28:00 2022'];False; Pulsed = True;Wed Mar 16 17:37:04 2022
2022-03-16 17:38:10.371;DEBUG   ;Pulse    ;Listener (for MainProcess);14704;1647412680.0;1647412680.0;1647412140.0;[0, 9];['Wed Mar 16 17:38:00 2022', 'Wed Mar 16 17:29:00 2022'];False; Pulsed = True;Wed Mar 16 17:37:04 2022
2022-03-16 17:38:11.481;DEBUG   ;Pulse    ;Listener (for MainProcess);14704;1647412680.0;1647412680.0;1647412200.0;[0, 8];['Wed Mar 16 17:38:00 2022', 'Wed Mar 16 17:30:00 2022'];False; Pulsed = True;Wed Mar 16 17:37:04 2022
2022-03-16 17:38:12.590;DEBUG   ;Pulse    ;Listener (for MainProcess);14704;1647412680.0;1647412680.0;1647412260.0;[0, 7];['Wed Mar 16 17:38:00 2022', 'Wed Mar 16 17:31:00 2022'];False; Pulsed = True;Wed Mar 16 17:37:04 2022
2022-03-16 17:38:13.712;DEBUG   ;Pulse    ;Listener (for MainProcess);14704;1647412680.0;1647412680.0;1647412320.0;[0, 6];['Wed Mar 16 17:38:00 2022', 'Wed Mar 16 17:32:00 2022'];False; Pulsed = True;Wed Mar 16 17:37:04 2022
2022-03-16 17:38:14.823;DEBUG   ;Pulse    ;Listener (for MainProcess);14704;1647412680.0;1647412680.0;1647412380.0;[0, 5];['Wed Mar 16 17:38:00 2022', 'Wed Mar 16 17:33:00 2022'];False; Pulsed = True;Wed Mar 16 17:37:04 2022
2022-03-16 17:38:15.946;DEBUG   ;Pulse    ;Listener (for MainProcess);14704;1647412680.0;1647412680.0;1647412440.0;[0, 4];['Wed Mar 16 17:38:00 2022', 'Wed Mar 16 17:34:00 2022'];False; Pulsed = True;Wed Mar 16 17:37:04 2022
2022-03-16 17:38:17.068;DEBUG   ;Pulse    ;Listener (for MainProcess);14704;1647412680.0;1647412680.0;1647412500.0;[0, 3];['Wed Mar 16 17:38:00 2022', 'Wed Mar 16 17:35:00 2022'];False; Pulsed = True;Wed Mar 16 17:37:04 2022
2022-03-16 17:38:18.177;DEBUG   ;Pulse    ;Listener (for MainProcess);14704;1647412680.0;1647412680.0;1647412560.0;[0, 2];['Wed Mar 16 17:38:00 2022', 'Wed Mar 16 17:36:00 2022'];False; Pulsed = True;Wed Mar 16 17:37:04 2022
2022-03-16 17:38:19.286;DEBUG   ;Pulse    ;Listener (for MainProcess);14704;1647412680.0;1647412680.0;1647412620.0;[0, 1];['Wed Mar 16 17:38:00 2022', 'Wed Mar 16 17:37:00 2022'];False; Pulsed = True;Wed Mar 16 17:37:04 2022
2022-03-16 17:38:20.409;DEBUG   ;Pulse    ;Listener (for MainProcess);14704;1647412680.0;1647412680.0;1647412680.0;[0, 0];['Wed Mar 16 17:38:00 2022', 'Wed Mar 16 17:38:00 2022'];False; Pulsed = True;Wed Mar 16 17:37:04 2022
